<?xml version="1.0" encoding="utf-8"?><testsuites name="pytest tests"><testsuite name="pytest" errors="0" failures="0" skipped="0" tests="7" time="12.861" timestamp="2026-08-14T08:48:17.098743+00:00" hostname="agent-env-0a4ac5cd-fc93-4562-a557-904a6e77b450"><testcase classname="tests.test_kevalbio_new.TestCoach" name="test_coach_returns_answer_foundations_first" time="12.232" /><testcase classname="tests.test_kevalbio_new.TestTracking" name="test_post_tracking_upsert" time="0.284" /><testcase classname="tests.test_kevalbio_new.TestTracking" name="test_get_tracking_returns_entry" time="0.216" /><testcase classname="tests.test_kevalbio_new.TestTracking" name="test_upsert_merges_same_date" time="0.295" /><testcase classname="tests.test_kevalbio_new.TestTracking" name="test_multiple_dates_sorted_ascending" time="0.398" /><testcase classname="tests.test_kevalbio_new.TestTracking" name="test_empty_body_rejected" time="0.180" /><testcase classname="tests.test_kevalbio_new.TestCoach" name="test_coach_empty_question" time="0.129" /></testsuite></testsuites>