<?xml version="1.0" encoding="utf-8"?><testsuites name="pytest tests"><testsuite name="pytest" errors="0" failures="0" skipped="0" tests="9" time="10.212" timestamp="2026-08-14T08:34:01.816237+00:00" hostname="agent-env-0a4ac5cd-fc93-4562-a557-904a6e77b450"><testcase classname="tests.test_apexbio_api" name="test_root" time="0.219" /><testcase classname="tests.test_apexbio_api" name="test_analyze_magnesium" time="0.048" /><testcase classname="tests.test_apexbio_api" name="test_analyze_symptom_tired" time="0.043" /><testcase classname="tests.test_apexbio_api" name="test_analyze_comparison" time="0.043" /><testcase classname="tests.test_apexbio_api" name="test_ask" time="8.696" /><testcase classname="tests.test_apexbio_api" name="test_explore" time="0.043" /><testcase classname="tests.test_apexbio_api" name="test_trending" time="0.042" /><testcase classname="tests.test_apexbio_api" name="test_saved_flow" time="0.363" /><testcase classname="tests.test_apexbio_api" name="test_analyze_empty" time="0.042" /></testsuite></testsuites>